<?xml version="1.0" encoding="UTF-8"?>
<!-- Generated by org.testng.reporters.JUnitReportReporter -->
<testsuite hostname="DESKTOP-C960JNM" failures="0" tests="10" name="automationpackage.DemoClass1" time="24.854" errors="0" timestamp="2023-11-15T21:34:42 BDT" skipped="0">
  <testcase classname="automationpackage.DemoClass1" name="TestUrl" time="0.009"/>
  <system-out/>
  <testcase classname="automationpackage.DemoClass1" name="TestTitle" time="0.005"/>
  <system-out/>
  <testcase classname="automationpackage.DemoClass1" name="TestLogin" time="3.382"/>
  <system-out/>
  <testcase classname="automationpackage.DemoClass1" name="TestChooseItem" time="3.239"/>
  <system-out/>
  <testcase classname="automationpackage.DemoClass1" name="AddCart" time="3.231"/>
  <system-out/>
  <testcase classname="automationpackage.DemoClass1" name="GotoCart" time="3.231"/>
  <system-out/>
  <testcase classname="automationpackage.DemoClass1" name="CheckOut" time="3.227"/>
  <system-out/>
  <testcase classname="automationpackage.DemoClass1" name="CheckoutInfo" time="3.072"/>
  <system-out/>
  <testcase classname="automationpackage.DemoClass1" name="ContinueBtn" time="3.223"/>
  <system-out/>
  <testcase classname="automationpackage.DemoClass1" name="FinishBtn" time="2.235"/>
  <system-out/>
</testsuite> <!-- automationpackage.DemoClass1 -->
